#
# A fatal error has been detected by the Java Runtime Environment:
#
#  SIGSEGV (0xb) at pc=0x00007f10d3b7fe4d, pid=5251, tid=0x00007f10aeff7700
#
# JRE version: OpenJDK Runtime Environment (8.0_191-b12) (build 1.8.0_191-8u191-b12-0ubuntu0.16.04.1-b12)
# Java VM: OpenJDK 64-Bit Server VM (25.191-b12 mixed mode linux-amd64 compressed oops)
# Problematic frame:
# V  [libjvm.so+0x98be4d]
#
# Failed to write core dump. Core dumps have been disabled. To enable core dumping, try "ulimit -c unlimited" before starting Java again
#
# If you would like to submit a bug report, please visit:
#   http://bugreport.java.com/bugreport/crash.jsp
#

---------------  T H R E A D  ---------------

Current thread (0x00007f10cc080800):  VMThread [stack: 0x00007f10aeef7000,0x00007f10aeff8000] [id=5262]

siginfo: si_signo: 11 (SIGSEGV), si_code: 1 (SEGV_MAPERR), si_addr: 0x0000000000500056

Registers:
RAX=0x0000000000000000, RBX=0x00007f10aeff58a0, RCX=0x0000000000000000, RDX=0x0000000000000028
RSP=0x00007f10aeff5730, RBP=0x00007f10aeff5850, RSI=0x000000000050004e, RDI=0x00007f10aeff58a0
R8 =0x000000000000008f, R9 =0x0000000000000007, R10=0x0000000000000008, R11=0x0000000000000007
R12=0x00007f10aeff58a0, R13=0x00007f10cc02f9e0, R14=0x00007f10aeff61d0, R15=0x0000000000000000
RIP=0x00007f10d3b7fe4d, EFLAGS=0x0000000000010246, CSGSFS=0x002b000000000033, ERR=0x0000000000000004
  TRAPNO=0x000000000000000e

Top of Stack: (sp=0x00007f10aeff5730)
0x00007f10aeff5730:   00000000000083b0 00007f10804be328
0x00007f10aeff5740:   00007f10804b8870 00007f10cc07fb30
0x00007f10aeff5750:   00007f10804b6340 00007f10aeff58d0
0x00007f10aeff5760:   00007f10804b8218 ed8b545700000004
0x00007f10aeff5770:   00007f10aeff5d20 00007f10aeff5870
0x00007f10aeff5780:   00007f10aeff57a0 00007f10d3a8035d
0x00007f10aeff5790:   00007f10aeff5870 00007f10aeff58d0
0x00007f10aeff57a0:   00007f10aeff57e0 00007f10d375d360
0x00007f10aeff57b0:   00007f10aeff57e0 00007f10d3c11f36
0x00007f10aeff57c0:   00007f10aeff58d0 00007f10d3c11fab
0x00007f10aeff57d0:   00007f10aeff5850 00007f10d34ae3f6
0x00007f10aeff57e0:   00007f10aeff5850 00007f10d375970f
0x00007f10aeff57f0:   00007f10aeff5810 00007f1000000000
0x00007f10aeff5800:   00007f10aeff5820 00007f10d3a8035d
0x00007f10aeff5810:   00007f10aeff58f0 00007f10aeff5950
0x00007f10aeff5820:   00007f10aeff5860 00007f10d375d360
0x00007f10aeff5830:   00007f10aeff5850 ed8b5457a4e4e500
0x00007f10aeff5840:   00007f10aeff5950 0000000000000001
0x00007f10aeff5850:   00007f10aeff5880 00007f10d3b802e6
0x00007f10aeff5860:   00007f10aeff58d0 00007f10aeff58a0
0x00007f10aeff5870:   000000000000008f 00007f10cc02f9e0
0x00007f10aeff5880:   00007f10aeff5f30 00007f10d37b8ac8
0x00007f10aeff5890:   00007f10aeff58d0 ed8b5457a4e4e500
0x00007f10aeff58a0:   00007f10d40610c8 000000000050004e
0x00007f10aeff58b0:   0000000000000000 00007f100000000e
0x00007f10aeff58c0:   00007f10aeff58d0 00007f1000000000
0x00007f10aeff58d0:   0000000000000000 00007f10d3c57a10
0x00007f10aeff58e0:   2fffffff4fffffff 2fffffff2fffffff
0x00007f10aeff58f0:   00007f104f6fda68 00007f10bd0004e7
0x00007f10aeff5900:   00007f10bd0003d0 0000000000000000
0x00007f10aeff5910:   00007f104f6fdad0 00007f104f6fda68
0x00007f10aeff5920:   00007f104f6fbe60 00007f104f6fbe60 

Instructions: (pc=0x00007f10d3b7fe4d)
0x00007f10d3b7fe2d:   81 ec 18 01 00 00 48 63 4f 10 48 8b 77 08 64 48
0x00007f10d3b7fe3d:   8b 04 25 28 00 00 00 48 89 45 e8 31 c0 48 89 c8
0x00007f10d3b7fe4d:   0f be 4c 0e 08 39 ca 74 35 48 8d bd e0 fe ff ff
0x00007f10d3b7fe5d:   48 8d 35 ac 95 16 00 31 c0 e8 e5 25 94 ff 48 8b 

Register to memory mapping:

RAX=0x0000000000000000 is an unknown value
RBX=0x00007f10aeff58a0 is an unknown value
RCX=0x0000000000000000 is an unknown value
RDX=0x0000000000000028 is an unknown value
RSP=0x00007f10aeff5730 is an unknown value
RBP=0x00007f10aeff5850 is an unknown value
RSI=0x000000000050004e is an unknown value
RDI=0x00007f10aeff58a0 is an unknown value
R8 =0x000000000000008f is an unknown value
R9 =0x0000000000000007 is an unknown value
R10=0x0000000000000008 is an unknown value
R11=0x0000000000000007 is an unknown value
R12=0x00007f10aeff58a0 is an unknown value
R13=0x00007f10cc02f9e0 is an unknown value
R14=0x00007f10aeff61d0 is an unknown value
R15=0x0000000000000000 is an unknown value


Stack: [0x00007f10aeef7000,0x00007f10aeff8000],  sp=0x00007f10aeff5730,  free space=1017k
Native frames: (J=compiled Java code, j=interpreted, Vv=VM code, C=native code)
V  [libjvm.so+0x98be4d]
V  [libjvm.so+0x98c2e6]
V  [libjvm.so+0x5c4ac8]
V  [libjvm.so+0x5c6589]
V  [libjvm.so+0x5c9d67]
V  [libjvm.so+0x5ca155]
V  [libjvm.so+0x8afbef]
V  [libjvm.so+0x8b17fe]
V  [libjvm.so+0x8b26ba]
V  [libjvm.so+0x8b2ff4]
V  [libjvm.so+0x625fe3]
V  [libjvm.so+0x846bab]
V  [libjvm.so+0x738a0c]
V  [libjvm.so+0xa7b0f7]
V  [libjvm.so+0xa787f7]
V  [libjvm.so+0xa79c7f]
V  [libjvm.so+0xa7a171]
V  [libjvm.so+0x8be122]

VM_Operation (0x00007f10ae9ed9a0): GetOrSetLocal, mode: safepoint, requested by thread 0x00007f10cc0cc000


---------------  P R O C E S S  ---------------

Java Threads: ( => current thread )
  0x00007f10cc013000 JavaThread "DestroyJavaVM" [_thread_blocked, id=5253, stack(0x00007f10d4e5d000,0x00007f10d4f5e000)]
  0x00007f10cd7f3800 JavaThread "http-nio-8080-AsyncTimeout" daemon [_thread_blocked, id=5318, stack(0x00007f104e8f1000,0x00007f104e9f2000)]
  0x00007f10cd7f3000 JavaThread "http-nio-8080-Acceptor-0" daemon [_thread_in_native, id=5317, stack(0x00007f104e9f2000,0x00007f104eaf3000)]
  0x00007f10cd7ef000 JavaThread "http-nio-8080-ClientPoller-1" daemon [_thread_in_native, id=5316, stack(0x00007f104eaf3000,0x00007f104ebf4000)]
  0x00007f10cd7d4000 JavaThread "http-nio-8080-ClientPoller-0" daemon [_thread_in_native, id=5315, stack(0x00007f104ebf4000,0x00007f104ecf5000)]
  0x00007f10cd7b9000 JavaThread "http-nio-8080-exec-10" daemon [_thread_blocked, id=5314, stack(0x00007f104ecf5000,0x00007f104edf6000)]
  0x00007f10cd7b7800 JavaThread "http-nio-8080-exec-9" daemon [_thread_blocked, id=5313, stack(0x00007f104edf6000,0x00007f104eef7000)]
  0x00007f10cd7b5800 JavaThread "http-nio-8080-exec-8" daemon [_thread_blocked, id=5312, stack(0x00007f104eef7000,0x00007f104eff8000)]
  0x00007f10cd7b3800 JavaThread "http-nio-8080-exec-7" daemon [_thread_blocked, id=5311, stack(0x00007f104eff8000,0x00007f104f0f9000)]
  0x00007f10cd7b1800 JavaThread "http-nio-8080-exec-6" daemon [_thread_blocked, id=5310, stack(0x00007f104f0f9000,0x00007f104f1fa000)]
  0x00007f10cd7af800 JavaThread "http-nio-8080-exec-5" daemon [_thread_blocked, id=5309, stack(0x00007f104f1fa000,0x00007f104f2fb000)]
  0x00007f10cd7ad800 JavaThread "http-nio-8080-exec-4" daemon [_thread_blocked, id=5308, stack(0x00007f104f2fb000,0x00007f104f3fc000)]
  0x00007f10cd7ab800 JavaThread "http-nio-8080-exec-3" daemon [_thread_blocked, id=5307, stack(0x00007f104f3fc000,0x00007f104f4fd000)]
  0x00007f10cd7a9800 JavaThread "http-nio-8080-exec-2" daemon [_thread_blocked, id=5306, stack(0x00007f104f4fd000,0x00007f104f5fe000)]
  0x00007f10cd7a8800 JavaThread "http-nio-8080-exec-1" daemon [_thread_blocked, id=5305, stack(0x00007f104f5fe000,0x00007f104f6ff000)]
  0x00007f10cd786800 JavaThread "NioBlockingSelector.BlockPoller-1" daemon [_thread_in_native, id=5304, stack(0x00007f104f6ff000,0x00007f104f800000)]
  0x00007f10ccf88800 JavaThread "HikariPool-1 housekeeper" daemon [_thread_blocked, id=5291, stack(0x00007f1078bfd000,0x00007f1078cfe000)]
  0x00007f10cceb1000 JavaThread "Abandoned connection cleanup thread" daemon [_thread_blocked, id=5290, stack(0x00007f1078efe000,0x00007f1078fff000)]
  0x00007f10cce8c000 JavaThread "container-0" [_thread_blocked, id=5289, stack(0x00007f10ac86d000,0x00007f10ac96e000)]
  0x00007f10cce76000 JavaThread "ContainerBackgroundProcessor[StandardEngine[Tomcat]]" daemon [_thread_blocked, id=5288, stack(0x00007f10ad36e000,0x00007f10ad46f000)]
  0x00007f10cc679800 JavaThread "RMI TCP Accept-0" daemon [_thread_in_native, id=5281, stack(0x00007f10ad770000,0x00007f10ad871000)]
  0x00007f10cc66e000 JavaThread "RMI TCP Accept-36089" daemon [_thread_in_native, id=5280, stack(0x00007f10ad871000,0x00007f10ad972000)]
  0x00007f10cc653000 JavaThread "RMI TCP Accept-0" daemon [_thread_in_native, id=5279, stack(0x00007f10ad972000,0x00007f10ada73000)]
  0x00007f10cc0ea000 JavaThread "Service Thread" daemon [_thread_blocked, id=5277, stack(0x00007f10ae2e8000,0x00007f10ae3e9000)]
  0x00007f10cc0d6800 JavaThread "C1 CompilerThread2" daemon [_thread_blocked, id=5276, stack(0x00007f10ae3e9000,0x00007f10ae4ea000)]
  0x00007f10cc0d4800 JavaThread "C2 CompilerThread1" daemon [_thread_blocked, id=5275, stack(0x00007f10ae4ea000,0x00007f10ae5eb000)]
  0x00007f10cc0d1800 JavaThread "C2 CompilerThread0" daemon [_thread_blocked, id=5274, stack(0x00007f10ae5eb000,0x00007f10ae6ec000)]
  0x00007f108c001000 JavaThread "JDWP Command Reader" daemon [_thread_in_native, id=5272, stack(0x00007f10ae6ec000,0x00007f10ae7ed000)]
  0x00007f10cc0cf800 JavaThread "JDWP Event Helper Thread" daemon [_thread_blocked, id=5271, stack(0x00007f10ae7ed000,0x00007f10ae8ee000)]
  0x00007f10cc0cc000 JavaThread "JDWP Transport Listener: dt_socket" daemon [_thread_blocked, id=5268, stack(0x00007f10ae8ee000,0x00007f10ae9ef000)]
  0x00007f10cc0be000 JavaThread "Signal Dispatcher" daemon [_thread_blocked, id=5266, stack(0x00007f10aebf4000,0x00007f10aecf5000)]
  0x00007f10cc08c800 JavaThread "Finalizer" daemon [_thread_blocked, id=5264, stack(0x00007f10aecf5000,0x00007f10aedf6000)]
  0x00007f10cc08a000 JavaThread "Reference Handler" daemon [_thread_blocked, id=5263, stack(0x00007f10aedf6000,0x00007f10aeef7000)]

Other Threads:
=>0x00007f10cc080800 VMThread [stack: 0x00007f10aeef7000,0x00007f10aeff8000] [id=5262]
  0x00007f10cc67d800 WatcherThread [stack: 0x00007f10ad66f000,0x00007f10ad770000] [id=5282]

VM state:at safepoint (normal execution)

VM Mutex/Monitor currently owned by a thread:  ([mutex/lock_event])
[0x00007f10cc00f120] Threads_lock - owner thread: 0x00007f10cc080800

Heap:
 PSYoungGen      total 190976K, used 15561K [0x00000000d8000000, 0x00000000e6980000, 0x0000000100000000)
  eden space 171520K, 9% used [0x00000000d8000000,0x00000000d8f324a8,0x00000000e2780000)
  from space 19456K, 0% used [0x00000000e2780000,0x00000000e2780000,0x00000000e3a80000)
  to   space 19456K, 0% used [0x00000000e5680000,0x00000000e5680000,0x00000000e6980000)
 ParOldGen       total 125440K, used 26788K [0x0000000088000000, 0x000000008fa80000, 0x00000000d8000000)
  object space 125440K, 21% used [0x0000000088000000,0x0000000089a29380,0x000000008fa80000)
 Metaspace       used 57776K, capacity 60718K, committed 60800K, reserved 1101824K
  class space    used 7758K, capacity 8311K, committed 8320K, reserved 1048576K

Card table byte_map: [0x00007f10d01c3000,0x00007f10d0584000] byte_map_base: 0x00007f10cfd83000

Marking Bits: (ParMarkBitMap*) 0x00007f10d4125520
 Begin Bits: [0x00007f10b4400000, 0x00007f10b6200000)
 End Bits:   [0x00007f10b6200000, 0x00007f10b8000000)

Polling page: 0x00007f10d4f79000

CodeCache: size=245760Kb used=10414Kb max_used=10514Kb free=235345Kb
 bounds [0x00007f10bd000000, 0x00007f10bda50000, 0x00007f10cc000000]
 total_blobs=5865 nmethods=5305 adapters=481
 compilation: enabled

Compilation events (10 events):
Event: 134,527 Thread 0x00007f10cc0d6800 5376       1       java.util.concurrent.atomic.AtomicLong::getAndSet (12 bytes)
Event: 134,527 Thread 0x00007f10cc0d6800 nmethod 5376 0x00007f10bd2e56d0 code [0x00007f10bd2e5820, 0x00007f10bd2e5930]
Event: 134,528 Thread 0x00007f10cc0d6800 5377       1       org.apache.tomcat.util.net.NioEndpoint::access$300 (5 bytes)
Event: 134,528 Thread 0x00007f10cc0d6800 nmethod 5377 0x00007f10bd2e5410 code [0x00007f10bd2e5560, 0x00007f10bd2e5650]
Event: 135,528 Thread 0x00007f10cc0d6800 5378   !   1       org.apache.tomcat.util.net.NioEndpoint$Poller::timeout (493 bytes)
Event: 135,533 Thread 0x00007f10cc0d6800 nmethod 5378 0x00007f10bd5dd350 code [0x00007f10bd5dd660, 0x00007f10bd5de458]
Event: 136,529 Thread 0x00007f10cc0d6800 5379       1       java.util.concurrent.atomic.AtomicLong::set (6 bytes)
Event: 136,529 Thread 0x00007f10cc0d6800 nmethod 5379 0x00007f10bd2e5110 code [0x00007f10bd2e5260, 0x00007f10bd2e5390]
Event: 136,529 Thread 0x00007f10cc0d6800 5380       1       sun.nio.ch.SelectorImpl::keys (28 bytes)
Event: 136,530 Thread 0x00007f10cc0d6800 nmethod 5380 0x00007f10bd150410 code [0x00007f10bd1505a0, 0x00007f10bd150778]

GC Heap History (10 events):
Event: 3,538 GC heap before
{Heap before GC invocations=10 (full 2):
 PSYoungGen      total 152064K, used 10235K [0x00000000d8000000, 0x00000000e4b00000, 0x0000000100000000)
  eden space 141824K, 0% used [0x00000000d8000000,0x00000000d8000000,0x00000000e0a80000)
  from space 10240K, 99% used [0x00000000e1880000,0x00000000e227ec50,0x00000000e2280000)
  to   space 14336K, 0% used [0x00000000e0a80000,0x00000000e0a80000,0x00000000e1880000)
 ParOldGen       total 52224K, used 14362K [0x0000000088000000, 0x000000008b300000, 0x00000000d8000000)
  object space 52224K, 27% used [0x0000000088000000,0x0000000088e06b10,0x000000008b300000)
 Metaspace       used 33798K, capacity 35348K, committed 35496K, reserved 1081344K
  class space    used 4303K, capacity 4592K, committed 4608K, reserved 1048576K
Event: 3,639 GC heap after
Heap after GC invocations=10 (full 2):
 PSYoungGen      total 152064K, used 0K [0x00000000d8000000, 0x00000000e4b00000, 0x0000000100000000)
  eden space 141824K, 0% used [0x00000000d8000000,0x00000000d8000000,0x00000000e0a80000)
  from space 10240K, 0% used [0x00000000e1880000,0x00000000e1880000,0x00000000e2280000)
  to   space 14336K, 0% used [0x00000000e0a80000,0x00000000e0a80000,0x00000000e1880000)
 ParOldGen       total 94720K, used 21610K [0x0000000088000000, 0x000000008dc80000, 0x00000000d8000000)
  object space 94720K, 22% used [0x0000000088000000,0x000000008951aa08,0x000000008dc80000)
 Metaspace       used 33798K, capacity 35348K, committed 35496K, reserved 1081344K
  class space    used 4303K, capacity 4592K, committed 4608K, reserved 1048576K
}
Event: 5,082 GC heap before
{Heap before GC invocations=11 (full 2):
 PSYoungGen      total 152064K, used 141824K [0x00000000d8000000, 0x00000000e4b00000, 0x0000000100000000)
  eden space 141824K, 100% used [0x00000000d8000000,0x00000000e0a80000,0x00000000e0a80000)
  from space 10240K, 0% used [0x00000000e1880000,0x00000000e1880000,0x00000000e2280000)
  to   space 14336K, 0% used [0x00000000e0a80000,0x00000000e0a80000,0x00000000e1880000)
 ParOldGen       total 94720K, used 21610K [0x0000000088000000, 0x000000008dc80000, 0x00000000d8000000)
  object space 94720K, 22% used [0x0000000088000000,0x000000008951aa08,0x000000008dc80000)
 Metaspace       used 47152K, capacity 49220K, committed 49280K, reserved 1091584K
  class space    used 6363K, capacity 6750K, committed 6784K, reserved 1048576K
Event: 5,096 GC heap after
Heap after GC invocations=11 (full 2):
 PSYoungGen      total 156160K, used 14304K [0x00000000d8000000, 0x00000000e4d80000, 0x0000000100000000)
  eden space 141824K, 0% used [0x00000000d8000000,0x00000000d8000000,0x00000000e0a80000)
  from space 14336K, 99% used [0x00000000e0a80000,0x00000000e18783b0,0x00000000e1880000)
  to   space 17408K, 0% used [0x00000000e3c80000,0x00000000e3c80000,0x00000000e4d80000)
 ParOldGen       total 94720K, used 23363K [0x0000000088000000, 0x000000008dc80000, 0x00000000d8000000)
  object space 94720K, 24% used [0x0000000088000000,0x00000000896d0d18,0x000000008dc80000)
 Metaspace       used 47152K, capacity 49220K, committed 49280K, reserved 1091584K
  class space    used 6363K, capacity 6750K, committed 6784K, reserved 1048576K
}
Event: 45,296 GC heap before
{Heap before GC invocations=12 (full 2):
 PSYoungGen      total 156160K, used 156128K [0x00000000d8000000, 0x00000000e4d80000, 0x0000000100000000)
  eden space 141824K, 100% used [0x00000000d8000000,0x00000000e0a80000,0x00000000e0a80000)
  from space 14336K, 99% used [0x00000000e0a80000,0x00000000e18783b0,0x00000000e1880000)
  to   space 17408K, 0% used [0x00000000e3c80000,0x00000000e3c80000,0x00000000e4d80000)
 ParOldGen       total 94720K, used 23363K [0x0000000088000000, 0x000000008dc80000, 0x00000000d8000000)
  object space 94720K, 24% used [0x0000000088000000,0x00000000896d0d18,0x000000008dc80000)
 Metaspace       used 55755K, capacity 58616K, committed 58752K, reserved 1099776K
  class space    used 7519K, capacity 8040K, committed 8064K, reserved 1048576K
Event: 45,320 GC heap after
Heap after GC invocations=12 (full 2):
 PSYoungGen      total 187904K, used 17120K [0x00000000d8000000, 0x00000000e4d80000, 0x0000000100000000)
  eden space 170496K, 0% used [0x00000000d8000000,0x00000000d8000000,0x00000000e2680000)
  from space 17408K, 98% used [0x00000000e3c80000,0x00000000e4d382f8,0x00000000e4d80000)
  to   space 19456K, 0% used [0x00000000e2780000,0x00000000e2780000,0x00000000e3a80000)
 ParOldGen       total 94720K, used 23371K [0x0000000088000000, 0x000000008dc80000, 0x00000000d8000000)
  object space 94720K, 24% used [0x0000000088000000,0x00000000896d2d18,0x000000008dc80000)
 Metaspace       used 55755K, capacity 58616K, committed 58752K, reserved 1099776K
  class space    used 7519K, capacity 8040K, committed 8064K, reserved 1048576K
}
Event: 48,549 GC heap before
{Heap before GC invocations=13 (full 2):
 PSYoungGen      total 187904K, used 22315K [0x00000000d8000000, 0x00000000e4d80000, 0x0000000100000000)
  eden space 170496K, 3% used [0x00000000d8000000,0x00000000d8512a98,0x00000000e2680000)
  from space 17408K, 98% used [0x00000000e3c80000,0x00000000e4d382f8,0x00000000e4d80000)
  to   space 19456K, 0% used [0x00000000e2780000,0x00000000e2780000,0x00000000e3a80000)
 ParOldGen       total 94720K, used 23371K [0x0000000088000000, 0x000000008dc80000, 0x00000000d8000000)
  object space 94720K, 24% used [0x0000000088000000,0x00000000896d2d18,0x000000008dc80000)
 Metaspace       used 56142K, capacity 58986K, committed 59136K, reserved 1099776K
  class space    used 7574K, capacity 8078K, committed 8192K, reserved 1048576K
Event: 48,564 GC heap after
Heap after GC invocations=13 (full 2):
 PSYoungGen      total 190976K, used 11496K [0x00000000d8000000, 0x00000000e6980000, 0x0000000100000000)
  eden space 171520K, 0% used [0x00000000d8000000,0x00000000d8000000,0x00000000e2780000)
  from space 19456K, 59% used [0x00000000e2780000,0x00000000e32ba190,0x00000000e3a80000)
  to   space 19456K, 0% used [0x00000000e5680000,0x00000000e5680000,0x00000000e6980000)
 ParOldGen       total 94720K, used 23371K [0x0000000088000000, 0x000000008dc80000, 0x00000000d8000000)
  object space 94720K, 24% used [0x0000000088000000,0x00000000896d2d18,0x000000008dc80000)
 Metaspace       used 56142K, capacity 58986K, committed 59136K, reserved 1099776K
  class space    used 7574K, capacity 8078K, committed 8192K, reserved 1048576K
}
Event: 48,564 GC heap before
{Heap before GC invocations=14 (full 3):
 PSYoungGen      total 190976K, used 11496K [0x00000000d8000000, 0x00000000e6980000, 0x0000000100000000)
  eden space 171520K, 0% used [0x00000000d8000000,0x00000000d8000000,0x00000000e2780000)
  from space 19456K, 59% used [0x00000000e2780000,0x00000000e32ba190,0x00000000e3a80000)
  to   space 19456K, 0% used [0x00000000e5680000,0x00000000e5680000,0x00000000e6980000)
 ParOldGen       total 94720K, used 23371K [0x0000000088000000, 0x000000008dc80000, 0x00000000d8000000)
  object space 94720K, 24% used [0x0000000088000000,0x00000000896d2d18,0x000000008dc80000)
 Metaspace       used 56142K, capacity 58986K, committed 59136K, reserved 1099776K
  class space    used 7574K, capacity 8078K, committed 8192K, reserved 1048576K
Event: 48,727 GC heap after
Heap after GC invocations=14 (full 3):
 PSYoungGen      total 190976K, used 0K [0x00000000d8000000, 0x00000000e6980000, 0x0000000100000000)
  eden space 171520K, 0% used [0x00000000d8000000,0x00000000d8000000,0x00000000e2780000)
  from space 19456K, 0% used [0x00000000e2780000,0x00000000e2780000,0x00000000e3a80000)
  to   space 19456K, 0% used [0x00000000e5680000,0x00000000e5680000,0x00000000e6980000)
 ParOldGen       total 125440K, used 26788K [0x0000000088000000, 0x000000008fa80000, 0x00000000d8000000)
  object space 125440K, 21% used [0x0000000088000000,0x0000000089a29380,0x000000008fa80000)
 Metaspace       used 56142K, capacity 58986K, committed 59136K, reserved 1099776K
  class space    used 7574K, capacity 8078K, committed 8192K, reserved 1048576K
}

Deoptimization events (0 events):
No events

Classes redefined (2 events):
Event: 133,465 Thread 0x00007f10cc080800 redefined class name=tuan.tidi.controller.CartController, count=1
Event: 141,518 Thread 0x00007f10cc080800 redefined class name=tuan.tidi.controller.CartController, count=2

Internal exceptions (10 events):
Event: 6,169 Thread 0x00007f10cc013000 Exception <a 'java/lang/ArrayIndexOutOfBoundsException'> (0x00000000de5ea0d8) thrown at [/build/openjdk-8-yxDDQ4/openjdk-8-8u191-b12/src/hotspot/src/share/vm/runtime/sharedRuntime.cpp, line 605]
Event: 6,169 Thread 0x00007f10cc013000 Exception <a 'java/lang/ClassNotFoundException': org/springframework/beans/factory/DisposableBeanCustomizer> (0x00000000de6040f8) thrown at [/build/openjdk-8-yxDDQ4/openjdk-8-8u191-b12/src/hotspot/src/share/vm/classfile/systemDictionary.cpp, line 210]
Event: 6,205 Thread 0x00007f10cc013000 Exception <a 'java/lang/ClassNotFoundException': java/lang/ObjectCustomizer> (0x00000000deade1a8) thrown at [/build/openjdk-8-yxDDQ4/openjdk-8-8u191-b12/src/hotspot/src/share/vm/classfile/systemDictionary.cpp, line 210]
Event: 6,206 Thread 0x00007f10cc013000 Exception <a 'java/lang/ClassNotFoundException': org/springframework/boot/autoconfigure/reactor/core/ReactorCoreAutoConfigurationCustomizer> (0x00000000deb03fd0) thrown at [/build/openjdk-8-yxDDQ4/openjdk-8-8u191-b12/src/hotspot/src/share/vm/classfile/sys
Event: 6,206 Thread 0x00007f10cc013000 Exception <a 'java/lang/ClassNotFoundException': org/springframework/boot/autoconfigure/reactor/core/ReactorCoreAutoConfiguration$$EnhancerBySpringCGLIB$$4aa10705Customizer> (0x00000000deb320e0) thrown at [/build/openjdk-8-yxDDQ4/openjdk-8-8u191-b12/src/h
Event: 6,207 Thread 0x00007f10cc013000 Exception <a 'java/lang/ClassNotFoundException': org/springframework/context/annotation/ConfigurationClassEnhancer$EnhancedConfigurationCustomizer> (0x00000000deb5caf0) thrown at [/build/openjdk-8-yxDDQ4/openjdk-8-8u191-b12/src/hotspot/src/share/vm/classf
Event: 6,208 Thread 0x00007f10cc013000 Exception <a 'java/lang/ClassNotFoundException': org/springframework/beans/factory/BeanFactoryAwareCustomizer> (0x00000000deb76b20) thrown at [/build/openjdk-8-yxDDQ4/openjdk-8-8u191-b12/src/hotspot/src/share/vm/classfile/systemDictionary.cpp, line 210]
Event: 6,208 Thread 0x00007f10cc013000 Exception <a 'java/lang/ClassNotFoundException': org/springframework/beans/factory/AwareCustomizer> (0x00000000deb8e7c0) thrown at [/build/openjdk-8-yxDDQ4/openjdk-8-8u191-b12/src/hotspot/src/share/vm/classfile/systemDictionary.cpp, line 210]
Event: 6,217 Thread 0x00007f10cc013000 Exception <a 'java/lang/ArrayIndexOutOfBoundsException'> (0x00000000dec4a8f0) thrown at [/build/openjdk-8-yxDDQ4/openjdk-8-8u191-b12/src/hotspot/src/share/vm/runtime/sharedRuntime.cpp, line 605]
Event: 6,225 Thread 0x00007f10cc013000 Exception <a 'java/lang/ArrayIndexOutOfBoundsException'> (0x00000000ded1a600) thrown at [/build/openjdk-8-yxDDQ4/openjdk-8-8u191-b12/src/hotspot/src/share/vm/runtime/sharedRuntime.cpp, line 605]

Events (10 events):
Event: 141,533 Executing VM operation: ChangeBreakpoints done
Event: 141,550 Executing VM operation: ChangeBreakpoints
Event: 141,552 Executing VM operation: ChangeBreakpoints done
Event: 141,569 Executing VM operation: ChangeBreakpoints
Event: 141,571 Executing VM operation: ChangeBreakpoints done
Event: 141,900 Executing VM operation: GetOwnedMonitorInfo
Event: 141,900 Executing VM operation: GetOwnedMonitorInfo done
Event: 141,900 Executing VM operation: GetCurrentContendedMonitor
Event: 141,900 Executing VM operation: GetCurrentContendedMonitor done
Event: 141,932 Executing VM operation: GetOrSetLocal


Dynamic libraries:
00400000-00401000 r-xp 00000000 08:04 1577796                            /usr/lib/jvm/java-8-openjdk-amd64/jre/bin/java
00600000-00601000 r--p 00000000 08:04 1577796                            /usr/lib/jvm/java-8-openjdk-amd64/jre/bin/java
00601000-00602000 rw-p 00001000 08:04 1577796                            /usr/lib/jvm/java-8-openjdk-amd64/jre/bin/java
01e16000-01e37000 rw-p 00000000 00:00 0                                  [heap]
88000000-8fa80000 rw-p 00000000 00:00 0 
8fa80000-d8000000 ---p 00000000 00:00 0 
d8000000-e6980000 rw-p 00000000 00:00 0 
e6980000-100000000 ---p 00000000 00:00 0 
100000000-100820000 rw-p 00000000 00:00 0 
100820000-140000000 ---p 00000000 00:00 0 
7f1030000000-7f1030021000 rw-p 00000000 00:00 0 
7f1030021000-7f1034000000 ---p 00000000 00:00 0 
7f1038000000-7f1038021000 rw-p 00000000 00:00 0 
7f1038021000-7f103c000000 ---p 00000000 00:00 0 
7f103c000000-7f103c021000 rw-p 00000000 00:00 0 
7f103c021000-7f1040000000 ---p 00000000 00:00 0 
7f1040000000-7f1040226000 rw-p 00000000 00:00 0 
7f1040226000-7f1044000000 ---p 00000000 00:00 0 
7f1044000000-7f1044021000 rw-p 00000000 00:00 0 
7f1044021000-7f1048000000 ---p 00000000 00:00 0 
7f1048000000-7f1048021000 rw-p 00000000 00:00 0 
7f1048021000-7f104c000000 ---p 00000000 00:00 0 
7f104e2c4000-7f104e404000 rw-p 00000000 00:00 0 
7f104e404000-7f104e4c4000 ---p 00000000 00:00 0 
7f104e4c4000-7f104e4ec000 r-xp 00000000 08:04 1593194                    /usr/lib/jvm/java-8-openjdk-amd64/jre/lib/amd64/libsunec.so
7f104e4ec000-7f104e6ec000 ---p 00028000 08:04 1593194                    /usr/lib/jvm/java-8-openjdk-amd64/jre/lib/amd64/libsunec.so
7f104e6ec000-7f104e6f0000 r--p 00028000 08:04 1593194                    /usr/lib/jvm/java-8-openjdk-amd64/jre/lib/amd64/libsunec.so
7f104e6f0000-7f104e6f1000 rw-p 0002c000 08:04 1593194                    /usr/lib/jvm/java-8-openjdk-amd64/jre/lib/amd64/libsunec.so
7f104e6f1000-7f104e8f1000 rw-p 00000000 00:00 0 
7f104e8f1000-7f104e8f4000 ---p 00000000 00:00 0 
7f104e8f4000-7f104e9f2000 rw-p 00000000 00:00 0 
7f104e9f2000-7f104e9f5000 ---p 00000000 00:00 0 
7f104e9f5000-7f104eaf3000 rw-p 00000000 00:00 0 
7f104eaf3000-7f104eaf6000 ---p 00000000 00:00 0 
7f104eaf6000-7f104ebf4000 rw-p 00000000 00:00 0 
7f104ebf4000-7f104ebf7000 ---p 00000000 00:00 0 
7f104ebf7000-7f104ecf5000 rw-p 00000000 00:00 0 
7f104ecf5000-7f104ecf8000 ---p 00000000 00:00 0 
7f104ecf8000-7f104edf6000 rw-p 00000000 00:00 0 
7f104edf6000-7f104edf9000 ---p 00000000 00:00 0 
7f104edf9000-7f104eef7000 rw-p 00000000 00:00 0 
7f104eef7000-7f104eefa000 ---p 00000000 00:00 0 
7f104eefa000-7f104eff8000 rw-p 00000000 00:00 0 
7f104eff8000-7f104effb000 ---p 00000000 00:00 0 
7f104effb000-7f104f0f9000 rw-p 00000000 00:00 0 
7f104f0f9000-7f104f0fc000 ---p 00000000 00:00 0 
7f104f0fc000-7f104f1fa000 rw-p 00000000 00:00 0 
7f104f1fa000-7f104f1fd000 ---p 00000000 00:00 0 
7f104f1fd000-7f104f2fb000 rw-p 00000000 00:00 0 
7f104f2fb000-7f104f2fe000 ---p 00000000 00:00 0 
7f104f2fe000-7f104f3fc000 rw-p 00000000 00:00 0 
7f104f3fc000-7f104f3ff000 ---p 00000000 00:00 0 
7f104f3ff000-7f104f4fd000 rw-p 00000000 00:00 0 
7f104f4fd000-7f104f500000 ---p 00000000 00:00 0 
7f104f500000-7f104f5fe000 rw-p 00000000 00:00 0 
7f104f5fe000-7f104f601000 ---p 00000000 00:00 0 
7f104f601000-7f104f6ff000 rw-p 00000000 00:00 0 
7f104f6ff000-7f104f702000 ---p 00000000 00:00 0 
7f104f702000-7f104fa00000 rw-p 00000000 00:00 0 
7f104fa00000-7f104fc00000 rw-p 00000000 00:00 0 
7f104fc00000-7f104fe00000 rw-p 00000000 00:00 0 
7f104fe00000-7f1050000000 rw-p 00000000 00:00 0 
7f1050000000-7f1050021000 rw-p 00000000 00:00 0 
7f1050021000-7f1054000000 ---p 00000000 00:00 0 
7f1054000000-7f105402d000 rw-p 00000000 00:00 0 
7f105402d000-7f1058000000 ---p 00000000 00:00 0 
7f1058000000-7f1058080000 rw-p 00000000 00:00 0 
7f1058080000-7f105c000000 ---p 00000000 00:00 0 
7f105c000000-7f105c021000 rw-p 00000000 00:00 0 
7f105c021000-7f1060000000 ---p 00000000 00:00 0 
7f1060000000-7f1060021000 rw-p 00000000 00:00 0 
7f1060021000-7f1064000000 ---p 00000000 00:00 0 
7f1064000000-7f10643d3000 rw-p 00000000 00:00 0 
7f10643d3000-7f1068000000 ---p 00000000 00:00 0 
7f1068000000-7f1068021000 rw-p 00000000 00:00 0 
7f1068021000-7f106c000000 ---p 00000000 00:00 0 
7f106c000000-7f106c021000 rw-p 00000000 00:00 0 
7f106c021000-7f1070000000 ---p 00000000 00:00 0 
7f1070000000-7f1070021000 rw-p 00000000 00:00 0 
7f1070021000-7f1074000000 ---p 00000000 00:00 0 
7f1074000000-7f1074021000 rw-p 00000000 00:00 0 
7f1074021000-7f1078000000 ---p 00000000 00:00 0 
7f10780fc000-7f10782fc000 rw-p 00000000 00:00 0 
7f10782fc000-7f10784fc000 rw-p 00000000 00:00 0 
7f10784fc000-7f10786fc000 rw-p 00000000 00:00 0 
7f10786fc000-7f10788fc000 rw-p 00000000 00:00 0 
7f10788fc000-7f10788ff000 ---p 00000000 00:00 0 
7f10788ff000-7f1078bfd000 rw-p 00000000 00:00 0 
7f1078bfd000-7f1078c00000 ---p 00000000 00:00 0 
7f1078c00000-7f1078efe000 rw-p 00000000 00:00 0 
7f1078efe000-7f1078f01000 ---p 00000000 00:00 0 
7f1078f01000-7f107c000000 rw-p 00000000 00:00 0 
7f107c000000-7f107c021000 rw-p 00000000 00:00 0 
7f107c021000-7f1080000000 ---p 00000000 00:00 0 
7f1080000000-7f10806c3000 rw-p 00000000 00:00 0 
7f10806c3000-7f1084000000 ---p 00000000 00:00 0 
7f1084000000-7f1084021000 rw-p 00000000 00:00 0 
7f1084021000-7f1088000000 ---p 00000000 00:00 0 
7f1088000000-7f1088066000 rw-p 00000000 00:00 0 
7f1088066000-7f108c000000 ---p 00000000 00:00 0 
7f108c000000-7f108c056000 rw-p 00000000 00:00 0 
7f108c056000-7f1090000000 ---p 00000000 00:00 0 
7f1090000000-7f1090021000 rw-p 00000000 00:00 0 
7f1090021000-7f1094000000 ---p 00000000 00:00 0 
7f1094000000-7f1094021000 rw-p 00000000 00:00 0 
7f1094021000-7f1098000000 ---p 00000000 00:00 0 
7f1098000000-7f1098021000 rw-p 00000000 00:00 0 
7f1098021000-7f109c000000 ---p 00000000 00:00 0 
7f109c000000-7f109c029000 rw-p 00000000 00:00 0 
7f109c029000-7f10a0000000 ---p 00000000 00:00 0 
7f10a0000000-7f10a0021000 rw-p 00000000 00:00 0 
7f10a0021000-7f10a4000000 ---p 00000000 00:00 0 
7f10a4000000-7f10a4021000 rw-p 00000000 00:00 0 
7f10a4021000-7f10a8000000 ---p 00000000 00:00 0 
7f10a8000000-7f10a8021000 rw-p 00000000 00:00 0 
7f10a8021000-7f10ac000000 ---p 00000000 00:00 0 
7f10ac066000-7f10ac068000 r--s 00016000 08:04 1593229                    /usr/lib/jvm/java-8-openjdk-amd64/jre/lib/jce.jar
7f10ac068000-7f10ac268000 rw-p 00000000 00:00 0 
7f10ac268000-7f10ac26d000 r--s 002f9000 08:04 1593237                    /usr/lib/jvm/java-8-openjdk-amd64/jre/lib/charsets.jar
7f10ac26d000-7f10ac46d000 rw-p 00000000 00:00 0 
7f10ac46d000-7f10ac66d000 rw-p 00000000 00:00 0 
7f10ac66d000-7f10ac86d000 rw-p 00000000 00:00 0 
7f10ac86d000-7f10ac870000 ---p 00000000 00:00 0 
7f10ac870000-7f10acb6e000 rw-p 00000000 00:00 0 
7f10acb6e000-7f10acd6e000 rw-p 00000000 00:00 0 
7f10acd6e000-7f10acf6e000 rw-p 00000000 00:00 0 
7f10acf6e000-7f10ad16e000 rw-p 00000000 00:00 0 
7f10ad16e000-7f10ad36e000 rw-p 00000000 00:00 0 
7f10ad36e000-7f10ad371000 ---p 00000000 00:00 0 
7f10ad371000-7f10ad66f000 rw-p 00000000 00:00 0 
7f10ad66f000-7f10ad670000 ---p 00000000 00:00 0 
7f10ad670000-7f10ad770000 rw-p 00000000 00:00 0 
7f10ad770000-7f10ad773000 ---p 00000000 00:00 0 
7f10ad773000-7f10ad871000 rw-p 00000000 00:00 0 
7f10ad871000-7f10ad874000 ---p 00000000 00:00 0 
7f10ad874000-7f10ad972000 rw-p 00000000 00:00 0 
7f10ad972000-7f10ad975000 ---p 00000000 00:00 0 
7f10ad975000-7f10ada73000 rw-p 00000000 00:00 0 
7f10ada73000-7f10ada78000 r--s 000a0000 08:04 1593246                    /usr/lib/jvm/java-8-openjdk-amd64/jre/lib/jsse.jar
7f10ada78000-7f10ada7a000 r--s 0000e000 08:04 1323707                    /home/tuan/.m2/repository/javax/activation/activation/1.1/activation-1.1.jar
7f10ada7a000-7f10ada82000 r--s 00078000 08:04 1209224                    /home/tuan/.m2/repository/javax/mail/mail/1.4.7/mail-1.4.7.jar
7f10ada82000-7f10ada8a000 r--s 00073000 08:04 1986571                    /home/tuan/.m2/repository/org/apache/commons/commons-lang3/3.8.1/commons-lang3-3.8.1.jar
7f10ada8a000-7f10ada8e000 r--s 00031000 08:04 1061231                    /home/tuan/.m2/repository/commons-io/commons-io/2.6/commons-io-2.6.jar
7f10ada8e000-7f10ada91000 r--s 00011000 08:04 666356                     /home/tuan/.m2/repository/net/minidev/json-smart/1.3.1/json-smart-1.3.1.jar
7f10ada91000-7f10ada93000 r--s 00000000 08:04 2387212                    /home/tuan/.m2/repository/com/github/stephenc/jcip/jcip-annotations/1.0-1/jcip-annotations-1.0-1.jar
7f10ada93000-7f10ada98000 r--s 0003e000 08:04 2239152                    /home/tuan/.m2/repository/com/nimbusds/nimbus-jose-jwt/4.20/nimbus-jose-jwt-4.20.jar
7f10ada98000-7f10ada99000 r--s 00005000 08:04 1194122                    /home/tuan/.m2/repository/org/springframework/spring-jcl/5.1.2.RELEASE/spring-jcl-5.1.2.RELEASE.jar
7f10ada99000-7f10adab1000 r--s 00123000 08:04 534771                     /home/tuan/.m2/repository/org/springframework/spring-core/5.1.2.RELEASE/spring-core-5.1.2.RELEASE.jar
7f10adab1000-7f10adac8000 r--s 001f2000 08:04 2236289                    /home/tuan/.m2/repository/mysql/mysql-connector-java/8.0.13/mysql-connector-java-8.0.13.jar
7f10adac8000-7f10adad1000 r--s 0005d000 08:04 398935                     /home/tuan/.m2/repository/org/springframework/spring-websocket/5.1.2.RELEASE/spring-websocket-5.1.2.RELEASE.jar
7f10adad1000-7f10adada000 r--s 00055000 08:04 398942                     /home/tuan/.m2/repository/org/springframework/spring-messaging/5.1.2.RELEASE/spring-messaging-5.1.2.RELEASE.jar
7f10adada000-7f10adadb000 r--s 00000000 08:04 923969                     /home/tuan/.m2/repository/org/springframework/boot/spring-boot-starter-websocket/2.1.0.RELEASE/spring-boot-starter-websocket-2.1.0.RELEASE.jar
7f10adadb000-7f10adae0000 r--s 00040000 08:04 792307                     /home/tuan/.m2/repository/org/springframework/spring-expression/5.1.2.RELEASE/spring-expression-5.1.2.RELEASE.jar
7f10adae0000-7f10adaf0000 r--s 000b4000 08:04 1194648                    /home/tuan/.m2/repository/org/springframework/spring-webmvc/5.1.2.RELEASE/spring-webmvc-5.1.2.RELEASE.jar
7f10adaf0000-7f10adb0c000 r--s 00134000 08:04 1194632                    /home/tuan/.m2/repository/org/springframework/spring-web/5.1.2.RELEASE/spring-web-5.1.2.RELEASE.jar
7f10adb0c000-7f10adb11000 r--s 00012000 08:04 1194619                    /home/tuan/.m2/repository/javax/validation/validation-api/2.0.1.Final/validation-api-2.0.1.Final.jar
7f10adb11000-7f10adb2e000 r--s 000fe000 08:04 1194635                    /home/tuan/.m2/repository/org/hibernate/validator/hibernate-validator/6.0.13.Final/hibernate-validator-6.0.13.Final.jar
7f10adb2e000-7f10adb34000 r--s 0003b000 08:04 2532660                    /home/tuan/.m2/repository/org/apache/tomcat/embed/tomcat-embed-websocket/9.0.12/tomcat-embed-websocket-9.0.12.jar
7f10adb34000-7f10adb39000 r--s 00039000 08:04 2532671                    /home/tuan/.m2/repository/org/apache/tomcat/embed/tomcat-embed-el/9.0.12/tomcat-embed-el-9.0.12.jar
7f10adb39000-7f10adb63000 r--s 002e4000 08:04 2382084                    /home/tuan/.m2/repository/org/apache/tomcat/embed/tomcat-embed-core/9.0.12/tomcat-embed-core-9.0.12.jar
7f10adb63000-7f10adb64000 r--s 00000000 08:04 1194628                    /home/tuan/.m2/repository/org/springframework/boot/spring-boot-starter-tomcat/2.1.0.RELEASE/spring-boot-starter-tomcat-2.1.0.RELEASE.jar
7f10adb64000-7f10adb66000 r--s 00001000 08:04 2382082                    /home/tuan/.m2/repository/com/fasterxml/jackson/module/jackson-module-parameter-names/2.9.7/jackson-module-parameter-names-2.9.7.jar
7f10adb66000-7f10adb69000 r--s 00016000 08:04 2382077                    /home/tuan/.m2/repository/com/fasterxml/jackson/datatype/jackson-datatype-jsr310/2.9.7/jackson-datatype-jsr310-2.9.7.jar
7f10adb69000-7f10adb6b000 r--s 00007000 08:04 2382086                    /home/tuan/.m2/repository/com/fasterxml/jackson/datatype/jackson-datatype-jdk8/2.9.7/jackson-datatype-jdk8-2.9.7.jar
7f10adb6b000-7f10adb6f000 r--s 0004c000 08:04 2236077                    /home/tuan/.m2/repository/com/fasterxml/jackson/core/jackson-core/2.9.7/jackson-core-2.9.7.jar
7f10adb6f000-7f10adb72000 r--s 0000e000 08:04 2236081                    /home/tuan/.m2/repository/com/fasterxml/jackson/core/jackson-annotations/2.9.0/jackson-annotations-2.9.0.jar
7f10adb72000-7f10adb85000 r--s 00137000 08:04 1981588                    /home/tuan/.m2/repository/com/fasterxml/jackson/core/jackson-databind/2.9.7/jackson-databind-2.9.7.jar
7f10adb85000-7f10adb86000 r--s 00000000 08:04 1194620                    /home/tuan/.m2/repository/org/springframework/boot/spring-boot-starter-json/2.1.0.RELEASE/spring-boot-starter-json-2.1.0.RELEASE.jar
7f10adb86000-7f10adb87000 r--s 00000000 08:04 1194624                    /home/tuan/.m2/repository/org/springframework/boot/spring-boot-starter-web/2.1.0.RELEASE/spring-boot-starter-web-2.1.0.RELEASE.jar
7f10adb87000-7f10adb88000 r--s 00000000 08:04 923758                     /home/tuan/.m2/repository/org/springframework/boot/spring-boot-starter-data-redis-reactive/2.1.0.RELEASE/spring-boot-starter-data-redis-reactive-2.1.0.RELEASE.jar
7f10adb88000-7f10adb8f000 r--s 00047000 08:04 529928                     /home/tuan/.m2/repository/io/netty/netty-codec/4.1.29.Final/netty-codec-4.1.29.Final.jar
7f10adb8f000-7f10adb97000 r--s 00059000 08:04 529926                     /home/tuan/.m2/repository/io/netty/netty-handler/4.1.29.Final/netty-handler-4.1.29.Final.jar
7f10adb97000-7f10adb98000 r--s 00007000 08:04 529924                     /home/tuan/.m2/repository/io/netty/netty-resolver/4.1.29.Final/netty-resolver-4.1.29.Final.jar
7f10adb98000-7f10adb9c000 r--s 0003f000 08:04 529922                     /home/tuan/.m2/repository/io/netty/netty-buffer/4.1.29.Final/netty-buffer-4.1.29.Final.jar
7f10adb9c000-7f10adba5000 r--s 00068000 08:04 529920                     /home/tuan/.m2/repository/io/netty/netty-transport/4.1.29.Final/netty-transport-4.1.29.Final.jar
7f10adba5000-7f10adbb2000 r--s 00081000 08:04 529918                     /home/tuan/.m2/repository/io/netty/netty-common/4.1.29.Final/netty-common-4.1.29.Final.jar
7f10adbb2000-7f10adbb3000 r--s 00000000 08:04 1857763                    /home/tuan/.m2/repository/org/reactivestreams/reactive-streams/1.0.2/reactive-streams-1.0.2.jar
7f10adbb3000-7f10adbc8000 r--s 0014b000 08:04 529915                     /home/tuan/.m2/repository/io/projectreactor/reactor-core/3.2.2.RELEASE/reactor-core-3.2.2.RELEASE.jar
7f10adbc8000-7f10adbe1000 r--s 0012f000 08:04 529913                     /home/tuan/.m2/repository/io/lettuce/lettuce-core/5.1.2.RELEASE/lettuce-core-5.1.2.RELEASE.jar
7f10adbe1000-7f10adbe6000 r--s 00028000 08:04 404761                     /home/tuan/.m2/repository/org/springframework/spring-context-support/5.1.2.RELEASE/spring-context-support-5.1.2.RELEASE.jar
7f10adbe6000-7f10adbe8000 r--s 00010000 08:04 404759                     /home/tuan/.m2/repository/org/springframework/spring-oxm/5.1.2.RELEASE/spring-oxm-5.1.2.RELEASE.jar
7f10adbe8000-7f10adbec000 r--s 00016000 08:04 1060734                    /home/tuan/.m2/repository/org/springframework/data/spring-data-keyvalue/2.1.2.RELEASE/spring-data-keyvalue-2.1.2.RELEASE.jar
7f10adbec000-7f10adc07000 r--s 00144000 08:04 1060732                    /home/tuan/.m2/repository/org/springframework/data/spring-data-redis/2.1.2.RELEASE/spring-data-redis-2.1.2.RELEASE.jar
7f10adc07000-7f10adc0e000 r--s 00043000 08:04 1194124                    /home/tuan/.m2/repository/org/yaml/snakeyaml/1.23/snakeyaml-1.23.jar
7f10adc0e000-7f10adc10000 r--s 00005000 08:04 1194120                    /home/tuan/.m2/repository/javax/annotation/javax.annotation-api/1.3.2/javax.annotation-api-1.3.2.jar
7f10adc10000-7f10adc12000 r--s 00000000 08:04 2235990                    /home/tuan/.m2/repository/org/slf4j/jul-to-slf4j/1.7.25/jul-to-slf4j-1.7.25.jar
7f10adc12000-7f10adc18000 r--s 0003b000 08:04 2112140                    /home/tuan/.m2/repository/org/apache/logging/log4j/log4j-api/2.11.1/log4j-api-2.11.1.jar
7f10adc18000-7f10adc1a000 r--s 00003000 08:04 1981571                    /home/tuan/.m2/repository/org/apache/logging/log4j/log4j-to-slf4j/2.11.1/log4j-to-slf4j-2.11.1.jar
7f10adc1a000-7f10adc25000 r--s 00069000 08:04 1194118                    /home/tuan/.m2/repository/ch/qos/logback/logback-core/1.2.3/logback-core-1.2.3.jar
7f10adc25000-7f10adc2b000 r--s 00041000 08:04 1194116                    /home/tuan/.m2/repository/ch/qos/logback/logback-classic/1.2.3/logback-classic-1.2.3.jar
7f10adc2b000-7f10adc4f000 r--s 00111000 08:04 1194112                    /home/tuan/.m2/repository/org/springframework/boot/spring-boot-autoconfigure/2.1.0.RELEASE/spring-boot-autoconfigure-2.1.0.RELEASE.jar
7f10adc4f000-7f10adc65000 r--s 000d4000 08:04 1194110                    /home/tuan/.m2/repository/org/springframework/boot/spring-boot/2.1.0.RELEASE/spring-boot-2.1.0.RELEASE.jar
7f10adc65000-7f10adc67000 r--s 0000a000 08:04 403939                     /home/tuan/.m2/repository/org/springframework/spring-aspects/5.1.2.RELEASE/spring-aspects-5.1.2.RELEASE.jar
7f10adc67000-7f10adc69000 r--s 00009000 08:04 2235994                    /home/tuan/.m2/repository/org/slf4j/slf4j-api/1.7.25/slf4j-api-1.7.25.jar
7f10adc69000-7f10adc75000 r--s 00098000 08:04 792305                     /home/tuan/.m2/repository/org/springframework/spring-beans/5.1.2.RELEASE/spring-beans-5.1.2.RELEASE.jar
7f10adc75000-7f10adc7d000 r--s 00037000 08:04 403937                     /home/tuan/.m2/repository/org/springframework/spring-tx/5.1.2.RELEASE/spring-tx-5.1.2.RELEASE.jar
7f10adc7d000-7f10adc97000 r--s 000f3000 08:04 403706                     /home/tuan/.m2/repository/org/springframework/spring-context/5.1.2.RELEASE/spring-context-5.1.2.RELEASE.jar
7f10adc97000-7f10adc9b000 r--s 0002d000 08:04 403945                     /home/tuan/.m2/repository/org/springframework/spring-orm/5.1.2.RELEASE/spring-orm-5.1.2.RELEASE.jar
7f10adc9b000-7f10adcb3000 r--s 00104000 08:04 1058572                    /home/tuan/.m2/repository/org/springframework/data/spring-data-commons/2.1.2.RELEASE/spring-data-commons-2.1.2.RELEASE.jar
7f10adcb3000-7f10adcc5000 r-xp 00000000 08:04 1593224                    /usr/lib/jvm/java-8-openjdk-amd64/jre/lib/amd64/libnio.so
7f10adcc5000-7f10adec4000 ---p 00012000 08:04 1593224                    /usr/lib/jvm/java-8-openjdk-amd64/jre/lib/amd64/libnio.so
7f10adec4000-7f10adec5000 r--p 00011000 08:04 1593224                    /usr/lib/jvm/java-8-openjdk-amd64/jre/lib/amd64/libnio.so
7f10adec5000-7f10adec6000 rw-p 00012000 08:04 1593224                    /usr/lib/jvm/java-8-openjdk-amd64/jre/lib/amd64/libnio.so
7f10adec6000-7f10adedd000 r-xp 00000000 08:04 1593227                    /usr/lib/jvm/java-8-openjdk-amd64/jre/lib/amd64/libnet.so
7f10adedd000-7f10ae0dc000 ---p 00017000 08:04 1593227                    /usr/lib/jvm/java-8-openjdk-amd64/jre/lib/amd64/libnet.so
7f10ae0dc000-7f10ae0dd000 r--p 00016000 08:04 1593227                    /usr/lib/jvm/java-8-openjdk-amd64/jre/lib/amd64/libnet.so
7f10ae0dd000-7f10ae0de000 rw-p 00017000 08:04 1593227                    /usr/lib/jvm/java-8-openjdk-amd64/jre/lib/amd64/libnet.so
7f10ae0de000-7f10ae0e7000 r-xp 00000000 08:04 1593212                    /usr/lib/jvm/java-8-openjdk-amd64/jre/lib/amd64/libmanagement.so
7f10ae0e7000-7f10ae2e6000 ---p 00009000 08:04 1593212                    /usr/lib/jvm/java-8-openjdk-amd64/jre/lib/amd64/libmanagement.so
7f10ae2e6000-7f10ae2e7000 r--p 00008000 08:04 1593212                    /usr/lib/jvm/java-8-openjdk-amd64/jre/lib/amd64/libmanagement.so
7f10ae2e7000-7f10ae2e8000 rw-p 00009000 08:04 1593212                    /usr/lib/jvm/java-8-openjdk-amd64/jre/lib/amd64/libmanagement.so
7f10ae2e8000-7f10ae2eb000 ---p 00000000 00:00 0 
7f10ae2eb000-7f10ae3e9000 rw-p 00000000 00:00 0 
7f10ae3e9000-7f10ae3ec000 ---p 00000000 00:00 0 
7f10ae3ec000-7f10ae4ea000 rw-p 00000000 00:00 0 
7f10ae4ea000-7f10ae4ed000 ---p 00000000 00:00 0 
7f10ae4ed000-7f10ae5eb000 rw-p 00000000 00:00 0 
7f10ae5eb000-7f10ae5ee000 ---p 00000000 00:00 0 
7f10ae5ee000-7f10ae6ec000 rw-p 00000000 00:00 0 
7f10ae6ec000-7f10ae6ef000 ---p 00000000 00:00 0 
7f10ae6ef000-7f10ae7ed000 rw-p 00000000 00:00 0 
7f10ae7ed000-7f10ae7f0000 ---p 00000000 00:00 0 
7f10ae7f0000-7f10ae8ee000 rw-p 00000000 00:00 0 
7f10ae8ee000-7f10ae8f1000 ---p 00000000 00:00 0 
7f10ae8f1000-7f10ae9ef000 rw-p 00000000 00:00 0 
7f10ae9ef000-7f10ae9f3000 r-xp 00000000 08:04 1593226                    /usr/lib/jvm/java-8-openjdk-amd64/jre/lib/amd64/libdt_socket.so
7f10ae9f3000-7f10aebf2000 ---p 00004000 08:04 1593226                    /usr/lib/jvm/java-8-openjdk-amd64/jre/lib/amd64/libdt_socket.so
7f10aebf2000-7f10aebf3000 r--p 00003000 08:04 1593226                    /usr/lib/jvm/java-8-openjdk-amd64/jre/lib/amd64/libdt_socket.so
7f10aebf3000-7f10aebf4000 rw-p 00004000 08:04 1593226                    /usr/lib/jvm/java-8-openjdk-amd64/jre/lib/amd64/libdt_socket.so
7f10aebf4000-7f10aebf7000 ---p 00000000 00:00 0 
7f10aebf7000-7f10aecf5000 rw-p 00000000 00:00 0 
7f10aecf5000-7f10aecf8000 ---p 00000000 00:00 0 
7f10aecf8000-7f10aedf6000 rw-p 00000000 00:00 0 
7f10aedf6000-7f10aedf9000 ---p 00000000 00:00 0 
7f10aedf9000-7f10aeef7000 rw-p 00000000 00:00 0 
7f10aeef7000-7f10aeef8000 ---p 00000000 00:00 0 
7f10aeef8000-7f10b0000000 rw-p 00000000 00:00 0 
7f10b0000000-7f10b0021000 rw-p 00000000 00:00 0 
7f10b0021000-7f10b4000000 ---p 00000000 00:00 0 
7f10b4000000-7f10b4001000 r--s 00000000 08:04 1194114                    /home/tuan/.m2/repository/org/springframework/boot/spring-boot-starter-logging/2.1.0.RELEASE/spring-boot-starter-logging-2.1.0.RELEASE.jar
7f10b4001000-7f10b4009000 r--s 0004d000 08:04 1058576                    /home/tuan/.m2/repository/org/springframework/data/spring-data-jpa/2.1.2.RELEASE/spring-data-jpa-2.1.2.RELEASE.jar
7f10b4009000-7f10b400c000 r--s 00010000 08:04 1313691                    /home/tuan/.m2/repository/org/hibernate/common/hibernate-commons-annotations/5.0.4.Final/hibernate-commons-annotations-5.0.4.Final.jar
7f10b400c000-7f10b4011000 r--s 0004b000 08:04 1981840                    /home/tuan/.m2/repository/org/dom4j/dom4j/2.1.1/dom4j-2.1.1.jar
7f10b4011000-7f10b4013000 r--s 0000f000 08:04 2532669                    /home/tuan/.m2/repository/com/fasterxml/classmate/1.4.0/classmate-1.4.0.jar
7f10b4013000-7f10b4016000 r--s 0002b000 08:04 1313689                    /home/tuan/.m2/repository/org/jboss/jandex/2.0.5.Final/jandex-2.0.5.Final.jar
7f10b4016000-7f10b401b000 r--s 00068000 08:04 2236266                    /home/tuan/.m2/repository/antlr/antlr/2.7.7/antlr-2.7.7.jar
7f10b401b000-7f10b4061000 r--s 002d1000 08:04 664128                     /home/tuan/.m2/repository/net/bytebuddy/byte-buddy/1.9.3/byte-buddy-1.9.3.jar
7f10b4061000-7f10b406c000 r--s 000b2000 08:04 1313687                    /home/tuan/.m2/repository/org/javassist/javassist/3.23.1-GA/javassist-3.23.1-GA.jar
7f10b406c000-7f10b4072000 r--s 00023000 08:04 1313684                    /home/tuan/.m2/repository/javax/persistence/javax.persistence-api/2.2/javax.persistence-api-2.2.jar
7f10b4072000-7f10b4074000 r--s 0000f000 08:04 1194631                    /home/tuan/.m2/repository/org/jboss/logging/jboss-logging/3.3.2.Final/jboss-logging-3.3.2.Final.jar
7f10b4074000-7f10b40f7000 r--s 00624000 08:04 1313686                    /home/tuan/.m2/repository/org/hibernate/hibernate-core/5.3.7.Final/hibernate-core-5.3.7.Final.jar
7f10b40f7000-7f10b40f9000 r--s 0000c000 08:04 1313681                    /home/tuan/.m2/repository/javax/activation/javax.activation-api/1.2.0/javax.activation-api-1.2.0.jar
7f10b40f9000-7f10b40fd000 r--s 0001c000 08:04 1313679                    /home/tuan/.m2/repository/javax/xml/bind/jaxb-api/2.3.1/jaxb-api-2.3.1.jar
7f10b40fd000-7f10b8000000 rw-p 00000000 00:00 0 
7f10b8000000-7f10b8021000 rw-p 00000000 00:00 0 
7f10b8021000-7f10bc000000 ---p 00000000 00:00 0 
7f10bc000000-7f10bc001000 r--s 00000000 08:04 1194108                    /home/tuan/.m2/repository/org/springframework/boot/spring-boot-starter/2.1.0.RELEASE/spring-boot-starter-2.1.0.RELEASE.jar
7f10bc001000-7f10bc00b000 r--s 00059000 08:04 403934                     /home/tuan/.m2/repository/org/springframework/spring-jdbc/5.1.2.RELEASE/spring-jdbc-5.1.2.RELEASE.jar
7f10bc00b000-7f10bc024000 r--s 001de000 08:04 1981828                    /home/tuan/.m2/repository/org/aspectj/aspectjweaver/1.9.2/aspectjweaver-1.9.2.jar
7f10bc024000-7f10bc03f000 r--s 00394000 08:04 1585241                    /usr/lib/jvm/java-8-openjdk-amd64/jre/lib/ext/cldrdata.jar
7f10bc03f000-7f10bc05a000 r--s 001d6000 08:04 1585240                    /usr/lib/jvm/java-8-openjdk-amd64/jre/lib/ext/nashorn.jar
7f10bc05a000-7f10bc4ee000 rw-p 00000000 00:00 0 
7f10bc4ee000-7f10bc6bd000 r--s 03c33000 08:04 1585237                    /usr/lib/jvm/java-8-openjdk-amd64/jre/lib/rt.jar
7f10bc6bd000-7f10bca7d000 rw-p 00000000 00:00 0 
7f10bca7d000-7f10bca7e000 ---p 00000000 00:00 0 
7f10bca7e000-7f10bcb7e000 rw-p 00000000 00:00 0 
7f10bcb7e000-7f10bcb7f000 ---p 00000000 00:00 0 
7f10bcb7f000-7f10bcc7f000 rw-p 00000000 00:00 0 
7f10bcc7f000-7f10bcc80000 ---p 00000000 00:00 0 
7f10bcc80000-7f10bcdbe000 rw-p 00000000 00:00 0 
7f10bcdbe000-7f10bd000000 ---p 00000000 00:00 0 
7f10bd000000-7f10bda50000 rwxp 00000000 00:00 0 
7f10bda50000-7f10cc000000 ---p 00000000 00:00 0 
7f10cc000000-7f10cd7fb000 rw-p 00000000 00:00 0 
7f10cd7fb000-7f10d0000000 ---p 00000000 00:00 0 
7f10d0000000-7f10d000a000 r--s 00051000 08:04 534769                     /home/tuan/.m2/repository/org/springframework/spring-aop/5.1.2.RELEASE/spring-aop-5.1.2.RELEASE.jar
7f10d000a000-7f10d00c2000 rw-p 00000000 00:00 0 
7f10d00c2000-7f10d00c3000 ---p 00000000 00:00 0 
7f10d00c3000-7f10d0201000 rw-p 00000000 00:00 0 
7f10d0201000-7f10d0443000 ---p 00000000 00:00 0 
7f10d0443000-7f10d04b8000 rw-p 00000000 00:00 0 
7f10d04b8000-7f10d0583000 ---p 00000000 00:00 0 
7f10d0583000-7f10d05ae000 rw-p 00000000 00:00 0 
7f10d05ae000-7f10d0944000 ---p 00000000 00:00 0 
7f10d0944000-7f10d094c000 r-xp 00000000 08:04 1593223                    /usr/lib/jvm/java-8-openjdk-amd64/jre/lib/amd64/libzip.so
7f10d094c000-7f10d0b4b000 ---p 00008000 08:04 1593223                    /usr/lib/jvm/java-8-openjdk-amd64/jre/lib/amd64/libzip.so
7f10d0b4b000-7f10d0b4c000 r--p 00007000 08:04 1593223                    /usr/lib/jvm/java-8-openjdk-amd64/jre/lib/amd64/libzip.so
7f10d0b4c000-7f10d0b4d000 rw-p 00008000 08:04 1593223                    /usr/lib/jvm/java-8-openjdk-amd64/jre/lib/amd64/libzip.so
7f10d0b4d000-7f10d0b58000 r-xp 00000000 08:04 267784                     /lib/x86_64-linux-gnu/libnss_files-2.23.so
7f10d0b58000-7f10d0d57000 ---p 0000b000 08:04 267784                     /lib/x86_64-linux-gnu/libnss_files-2.23.so
7f10d0d57000-7f10d0d58000 r--p 0000a000 08:04 267784                     /lib/x86_64-linux-gnu/libnss_files-2.23.so
7f10d0d58000-7f10d0d59000 rw-p 0000b000 08:04 267784                     /lib/x86_64-linux-gnu/libnss_files-2.23.so
7f10d0d59000-7f10d0d5f000 rw-p 00000000 00:00 0 
7f10d0d5f000-7f10d0d6a000 r-xp 00000000 08:04 267794                     /lib/x86_64-linux-gnu/libnss_nis-2.23.so
7f10d0d6a000-7f10d0f69000 ---p 0000b000 08:04 267794                     /lib/x86_64-linux-gnu/libnss_nis-2.23.so
7f10d0f69000-7f10d0f6a000 r--p 0000a000 08:04 267794                     /lib/x86_64-linux-gnu/libnss_nis-2.23.so
7f10d0f6a000-7f10d0f6b000 rw-p 0000b000 08:04 267794                     /lib/x86_64-linux-gnu/libnss_nis-2.23.so
7f10d0f6b000-7f10d0f81000 r-xp 00000000 08:04 267778                     /lib/x86_64-linux-gnu/libnsl-2.23.so
7f10d0f81000-7f10d1180000 ---p 00016000 08:04 267778                     /lib/x86_64-linux-gnu/libnsl-2.23.so
7f10d1180000-7f10d1181000 r--p 00015000 08:04 267778                     /lib/x86_64-linux-gnu/libnsl-2.23.so
7f10d1181000-7f10d1182000 rw-p 00016000 08:04 267778                     /lib/x86_64-linux-gnu/libnsl-2.23.so
7f10d1182000-7f10d1184000 rw-p 00000000 00:00 0 
7f10d1184000-7f10d118c000 r-xp 00000000 08:04 267780                     /lib/x86_64-linux-gnu/libnss_compat-2.23.so
7f10d118c000-7f10d138b000 ---p 00008000 08:04 267780                     /lib/x86_64-linux-gnu/libnss_compat-2.23.so
7f10d138b000-7f10d138c000 r--p 00007000 08:04 267780                     /lib/x86_64-linux-gnu/libnss_compat-2.23.so
7f10d138c000-7f10d138d000 rw-p 00008000 08:04 267780                     /lib/x86_64-linux-gnu/libnss_compat-2.23.so
7f10d138d000-7f10d1eca000 r--p 00000000 08:04 1581532                    /usr/lib/locale/locale-archive
7f10d1eca000-7f10d1ecc000 r-xp 00000000 08:04 1593208                    /usr/lib/jvm/java-8-openjdk-amd64/jre/lib/amd64/libnpt.so
7f10d1ecc000-7f10d20cc000 ---p 00002000 08:04 1593208                    /usr/lib/jvm/java-8-openjdk-amd64/jre/lib/amd64/libnpt.so
7f10d20cc000-7f10d20cd000 r--p 00002000 08:04 1593208                    /usr/lib/jvm/java-8-openjdk-amd64/jre/lib/amd64/libnpt.so
7f10d20cd000-7f10d20ce000 rw-p 00003000 08:04 1593208                    /usr/lib/jvm/java-8-openjdk-amd64/jre/lib/amd64/libnpt.so
7f10d20ce000-7f10d2109000 r-xp 00000000 08:04 1593192                    /usr/lib/jvm/java-8-openjdk-amd64/jre/lib/amd64/libjdwp.so
7f10d2109000-7f10d2309000 ---p 0003b000 08:04 1593192                    /usr/lib/jvm/java-8-openjdk-amd64/jre/lib/amd64/libjdwp.so
7f10d2309000-7f10d230a000 r--p 0003b000 08:04 1593192                    /usr/lib/jvm/java-8-openjdk-amd64/jre/lib/amd64/libjdwp.so
7f10d230a000-7f10d230b000 rw-p 0003c000 08:04 1593192                    /usr/lib/jvm/java-8-openjdk-amd64/jre/lib/amd64/libjdwp.so
7f10d230b000-7f10d2338000 r-xp 00000000 08:04 1593228                    /usr/lib/jvm/java-8-openjdk-amd64/jre/lib/amd64/libjava.so
7f10d2338000-7f10d2537000 ---p 0002d000 08:04 1593228                    /usr/lib/jvm/java-8-openjdk-amd64/jre/lib/amd64/libjava.so
7f10d2537000-7f10d2538000 r--p 0002c000 08:04 1593228                    /usr/lib/jvm/java-8-openjdk-amd64/jre/lib/amd64/libjava.so
7f10d2538000-7f10d253a000 rw-p 0002d000 08:04 1593228                    /usr/lib/jvm/java-8-openjdk-amd64/jre/lib/amd64/libjava.so
7f10d253a000-7f10d2549000 r-xp 00000000 08:04 1593209                    /usr/lib/jvm/java-8-openjdk-amd64/jre/lib/amd64/libverify.so
7f10d2549000-7f10d2748000 ---p 0000f000 08:04 1593209                    /usr/lib/jvm/java-8-openjdk-amd64/jre/lib/amd64/libverify.so
7f10d2748000-7f10d274a000 r--p 0000e000 08:04 1593209                    /usr/lib/jvm/java-8-openjdk-amd64/jre/lib/amd64/libverify.so
7f10d274a000-7f10d274b000 rw-p 00010000 08:04 1593209                    /usr/lib/jvm/java-8-openjdk-amd64/jre/lib/amd64/libverify.so
7f10d274b000-7f10d2752000 r-xp 00000000 08:04 267839                     /lib/x86_64-linux-gnu/librt-2.23.so
7f10d2752000-7f10d2951000 ---p 00007000 08:04 267839                     /lib/x86_64-linux-gnu/librt-2.23.so
7f10d2951000-7f10d2952000 r--p 00006000 08:04 267839                     /lib/x86_64-linux-gnu/librt-2.23.so
7f10d2952000-7f10d2953000 rw-p 00007000 08:04 267839                     /lib/x86_64-linux-gnu/librt-2.23.so
7f10d2953000-7f10d2969000 r-xp 00000000 08:04 267723                     /lib/x86_64-linux-gnu/libgcc_s.so.1
7f10d2969000-7f10d2b68000 ---p 00016000 08:04 267723                     /lib/x86_64-linux-gnu/libgcc_s.so.1
7f10d2b68000-7f10d2b69000 rw-p 00015000 08:04 267723                     /lib/x86_64-linux-gnu/libgcc_s.so.1
7f10d2b69000-7f10d2c71000 r-xp 00000000 08:04 267755                     /lib/x86_64-linux-gnu/libm-2.23.so
7f10d2c71000-7f10d2e70000 ---p 00108000 08:04 267755                     /lib/x86_64-linux-gnu/libm-2.23.so
7f10d2e70000-7f10d2e71000 r--p 00107000 08:04 267755                     /lib/x86_64-linux-gnu/libm-2.23.so
7f10d2e71000-7f10d2e72000 rw-p 00108000 08:04 267755                     /lib/x86_64-linux-gnu/libm-2.23.so
7f10d2e72000-7f10d2fe4000 r-xp 00000000 08:04 1584184                    /usr/lib/x86_64-linux-gnu/libstdc++.so.6.0.21
7f10d2fe4000-7f10d31e4000 ---p 00172000 08:04 1584184                    /usr/lib/x86_64-linux-gnu/libstdc++.so.6.0.21
7f10d31e4000-7f10d31ee000 r--p 00172000 08:04 1584184                    /usr/lib/x86_64-linux-gnu/libstdc++.so.6.0.21
7f10d31ee000-7f10d31f0000 rw-p 0017c000 08:04 1584184                    /usr/lib/x86_64-linux-gnu/libstdc++.so.6.0.21
7f10d31f0000-7f10d31f4000 rw-p 00000000 00:00 0 
7f10d31f4000-7f10d3e55000 r-xp 00000000 08:04 1593200                    /usr/lib/jvm/java-8-openjdk-amd64/jre/lib/amd64/server/libjvm.so
7f10d3e55000-7f10d4055000 ---p 00c61000 08:04 1593200                    /usr/lib/jvm/java-8-openjdk-amd64/jre/lib/amd64/server/libjvm.so
7f10d4055000-7f10d40e9000 r--p 00c61000 08:04 1593200                    /usr/lib/jvm/java-8-openjdk-amd64/jre/lib/amd64/server/libjvm.so
7f10d40e9000-7f10d4112000 rw-p 00cf5000 08:04 1593200                    /usr/lib/jvm/java-8-openjdk-amd64/jre/lib/amd64/server/libjvm.so
7f10d4112000-7f10d4142000 rw-p 00000000 00:00 0 
7f10d4142000-7f10d415a000 r-xp 00000000 08:04 267831                     /lib/x86_64-linux-gnu/libpthread-2.23.so
7f10d415a000-7f10d4359000 ---p 00018000 08:04 267831                     /lib/x86_64-linux-gnu/libpthread-2.23.so
7f10d4359000-7f10d435a000 r--p 00017000 08:04 267831                     /lib/x86_64-linux-gnu/libpthread-2.23.so
7f10d435a000-7f10d435b000 rw-p 00018000 08:04 267831                     /lib/x86_64-linux-gnu/libpthread-2.23.so
7f10d435b000-7f10d435f000 rw-p 00000000 00:00 0 
7f10d435f000-7f10d4362000 r-xp 00000000 08:04 267709                     /lib/x86_64-linux-gnu/libdl-2.23.so
7f10d4362000-7f10d4561000 ---p 00003000 08:04 267709                     /lib/x86_64-linux-gnu/libdl-2.23.so
7f10d4561000-7f10d4562000 r--p 00002000 08:04 267709                     /lib/x86_64-linux-gnu/libdl-2.23.so
7f10d4562000-7f10d4563000 rw-p 00003000 08:04 267709                     /lib/x86_64-linux-gnu/libdl-2.23.so
7f10d4563000-7f10d457c000 r-xp 00000000 08:04 267876                     /lib/x86_64-linux-gnu/libz.so.1.2.8
7f10d457c000-7f10d477b000 ---p 00019000 08:04 267876                     /lib/x86_64-linux-gnu/libz.so.1.2.8
7f10d477b000-7f10d477c000 r--p 00018000 08:04 267876                     /lib/x86_64-linux-gnu/libz.so.1.2.8
7f10d477c000-7f10d477d000 rw-p 00019000 08:04 267876                     /lib/x86_64-linux-gnu/libz.so.1.2.8
7f10d477d000-7f10d493d000 r-xp 00000000 08:04 267685                     /lib/x86_64-linux-gnu/libc-2.23.so
7f10d493d000-7f10d4b3d000 ---p 001c0000 08:04 267685                     /lib/x86_64-linux-gnu/libc-2.23.so
7f10d4b3d000-7f10d4b41000 r--p 001c0000 08:04 267685                     /lib/x86_64-linux-gnu/libc-2.23.so
7f10d4b41000-7f10d4b43000 rw-p 001c4000 08:04 267685                     /lib/x86_64-linux-gnu/libc-2.23.so
7f10d4b43000-7f10d4b47000 rw-p 00000000 00:00 0 
7f10d4b47000-7f10d4b54000 r-xp 00000000 08:04 1593214                    /usr/lib/jvm/java-8-openjdk-amd64/jre/lib/amd64/jli/libjli.so
7f10d4b54000-7f10d4d54000 ---p 0000d000 08:04 1593214                    /usr/lib/jvm/java-8-openjdk-amd64/jre/lib/amd64/jli/libjli.so
7f10d4d54000-7f10d4d55000 r--p 0000d000 08:04 1593214                    /usr/lib/jvm/java-8-openjdk-amd64/jre/lib/amd64/jli/libjli.so
7f10d4d55000-7f10d4d56000 rw-p 0000e000 08:04 1593214                    /usr/lib/jvm/java-8-openjdk-amd64/jre/lib/amd64/jli/libjli.so
7f10d4d56000-7f10d4d7c000 r-xp 00000000 08:04 267657                     /lib/x86_64-linux-gnu/ld-2.23.so
7f10d4d7c000-7f10d4d7d000 r--s 00000000 08:04 923687                     /home/tuan/.m2/repository/org/springframework/boot/spring-boot-starter-data-redis/2.1.0.RELEASE/spring-boot-starter-data-redis-2.1.0.RELEASE.jar
7f10d4d7d000-7f10d4d7e000 r--s 00006000 08:04 1313677                    /home/tuan/.m2/repository/javax/transaction/javax.transaction-api/1.3/javax.transaction-api-1.3.jar
7f10d4d7e000-7f10d4d82000 r--s 00020000 08:04 1981830                    /home/tuan/.m2/repository/com/zaxxer/HikariCP/3.2.0/HikariCP-3.2.0.jar
7f10d4d82000-7f10d4d83000 r--s 00000000 08:04 923945                     /home/tuan/.m2/repository/org/springframework/boot/spring-boot-starter-jdbc/2.1.0.RELEASE/spring-boot-starter-jdbc-2.1.0.RELEASE.jar
7f10d4d83000-7f10d4d84000 r--s 00000000 08:04 923943                     /home/tuan/.m2/repository/org/springframework/boot/spring-boot-starter-aop/2.1.0.RELEASE/spring-boot-starter-aop-2.1.0.RELEASE.jar
7f10d4d84000-7f10d4d85000 r--s 00000000 08:04 923941                     /home/tuan/.m2/repository/org/springframework/boot/spring-boot-starter-data-jpa/2.1.0.RELEASE/spring-boot-starter-data-jpa-2.1.0.RELEASE.jar
7f10d4d85000-7f10d4d86000 r--s 0000a000 08:04 1585244                    /usr/lib/jvm/java-8-openjdk-amd64/jre/lib/ext/jaccess.jar
7f10d4d86000-7f10d4d88000 r--s 00008000 08:04 1585243                    /usr/lib/jvm/java-8-openjdk-amd64/jre/lib/ext/sunec.jar
7f10d4d88000-7f10d4d89000 r--s 00010000 08:04 1593162                    /usr/lib/jvm/java-8-openjdk-amd64/jre/lib/ext/zipfs.jar
7f10d4d89000-7f10d4d93000 r--s 00116000 08:04 1585238                    /usr/lib/jvm/java-8-openjdk-amd64/jre/lib/ext/localedata.jar
7f10d4d93000-7f10d4e5d000 rw-p 00000000 00:00 0 
7f10d4e5d000-7f10d4e60000 ---p 00000000 00:00 0 
7f10d4e60000-7f10d4f62000 rw-p 00000000 00:00 0 
7f10d4f62000-7f10d4f68000 r--s 0003b000 08:04 1585242                    /usr/lib/jvm/java-8-openjdk-amd64/jre/lib/ext/sunjce_provider.jar
7f10d4f68000-7f10d4f6b000 r--s 00038000 08:04 1593158                    /usr/lib/jvm/java-8-openjdk-amd64/jre/lib/ext/sunpkcs11.jar
7f10d4f6b000-7f10d4f6d000 r--s 00001000 08:04 1593166                    /usr/lib/jvm/java-8-openjdk-amd64/jre/lib/ext/dnsns.jar
7f10d4f6d000-7f10d4f70000 r--s 0000f000 08:04 1585239                    /usr/lib/jvm/java-8-openjdk-amd64/jre/lib/ext/icedtea-sound.jar
7f10d4f70000-7f10d4f78000 rw-s 00000000 08:04 2365071                    /tmp/hsperfdata_tuan/5251
7f10d4f78000-7f10d4f79000 rw-p 00000000 00:00 0 
7f10d4f79000-7f10d4f7a000 ---p 00000000 00:00 0 
7f10d4f7a000-7f10d4f7b000 rw-p 00000000 00:00 0 
7f10d4f7b000-7f10d4f7c000 r--p 00025000 08:04 267657                     /lib/x86_64-linux-gnu/ld-2.23.so
7f10d4f7c000-7f10d4f7d000 rw-p 00026000 08:04 267657                     /lib/x86_64-linux-gnu/ld-2.23.so
7f10d4f7d000-7f10d4f7e000 rw-p 00000000 00:00 0 
7ffecec9e000-7ffececc1000 rw-p 00000000 00:00 0                          [stack]
7ffececf7000-7ffececfa000 r--p 00000000 00:00 0                          [vvar]
7ffececfa000-7ffececfc000 r-xp 00000000 00:00 0                          [vdso]
ffffffffff600000-ffffffffff601000 r-xp 00000000 00:00 0                  [vsyscall]

VM Arguments:
jvm_args: -agentlib:jdwp=transport=dt_socket,suspend=y,address=localhost:41231 -Dcom.sun.management.jmxremote -Dcom.sun.management.jmxremote.port=36089 -Dcom.sun.management.jmxremote.authenticate=false -Dcom.sun.management.jmxremote.ssl=false -Djava.rmi.server.hostname=localhost -Dspring.liveBeansView.mbeanDomain -Dspring.application.admin.enabled=true -Djava.security.egd=file:/dev/./urandom -Xverify:none -XX:TieredStopAtLevel=1 -Dfile.encoding=UTF-8 
java_command: tuan.tidi.TikiApplication
java_class_path (initial): /home/tuan/Desktop/181029-course/BE/target/classes:/home/tuan/.m2/repository/org/springframework/boot/spring-boot-starter-data-jpa/2.1.0.RELEASE/spring-boot-starter-data-jpa-2.1.0.RELEASE.jar:/home/tuan/.m2/repository/org/springframework/boot/spring-boot-starter-aop/2.1.0.RELEASE/spring-boot-starter-aop-2.1.0.RELEASE.jar:/home/tuan/.m2/repository/org/springframework/spring-aop/5.1.2.RELEASE/spring-aop-5.1.2.RELEASE.jar:/home/tuan/.m2/repository/org/aspectj/aspectjweaver/1.9.2/aspectjweaver-1.9.2.jar:/home/tuan/.m2/repository/org/springframework/boot/spring-boot-starter-jdbc/2.1.0.RELEASE/spring-boot-starter-jdbc-2.1.0.RELEASE.jar:/home/tuan/.m2/repository/com/zaxxer/HikariCP/3.2.0/HikariCP-3.2.0.jar:/home/tuan/.m2/repository/org/springframework/spring-jdbc/5.1.2.RELEASE/spring-jdbc-5.1.2.RELEASE.jar:/home/tuan/.m2/repository/javax/transaction/javax.transaction-api/1.3/javax.transaction-api-1.3.jar:/home/tuan/.m2/repository/javax/xml/bind/jaxb-api/2.3.1/jaxb-api-2.3.1.jar:/home/tuan/.m2/repository/javax/activation/javax.activation-api/1.2.0/javax.activation-api-1.2.0.jar:/home/tuan/.m2/repository/org/hibernate/hibernate-core/5.3.7.Final/hibernate-core-5.3.7.Final.jar:/home/tuan/.m2/repository/org/jboss/logging/jboss-logging/3.3.2.Final/jboss-logging-3.3.2.Final.jar:/home/tuan/.m2/repository/javax/persistence/javax.persistence-api/2.2/javax.persistence-api-2.2.jar:/home/tuan/.m2/repository/org/javassist/javassist/3.23.1-GA/javassist-3.23.1-GA.jar:/home/tuan/.m2/repository/net/bytebuddy/byte-buddy/1.9.3/byte-buddy-1.9.3.jar:/home/tuan/.m2/repository/antlr/antlr/2.7.7/antlr-2.7.7.jar:/home/tuan/.m2/repository/org/jboss/jandex/2.0.5.Final/jandex-2.0.5.Final.jar:/home/tuan/.m2/repository/com/fasterxml/classmate/1.4.0/classmate-1.4.0.jar:/home/tuan/.m2/repository/org/dom4j/dom4j/2.1.1/dom4j-2.1.1.jar:/home/tuan/.m2/repository/org/hibernate/common/hibernate-commons-annotations/5.0.4.Final/hibernate-commons-annotations-5.0.4.Final.jar:/home/tuan/
Launcher Type: SUN_STANDARD

Environment Variables:
JAVA_HOME=/usr/lib/jvm/java-8-openjdk-amd64/jre/bin/java
PATH=/home/tuan/bin:/home/tuan/.local/bin:/usr/local/sbin:/usr/local/bin:/usr/sbin:/usr/bin:/sbin:/bin:/usr/games:/usr/local/games:/snap/bin
SHELL=/bin/bash
DISPLAY=:0

Signal Handlers:
SIGSEGV: [libjvm.so+0xa74e00], sa_mask[0]=11111111011111111101111111111110, sa_flags=SA_RESTART|SA_SIGINFO
SIGBUS: [libjvm.so+0xa74e00], sa_mask[0]=11111111011111111101111111111110, sa_flags=SA_RESTART|SA_SIGINFO
SIGFPE: [libjvm.so+0x8bbe10], sa_mask[0]=11111111011111111101111111111110, sa_flags=SA_RESTART|SA_SIGINFO
SIGPIPE: [libjvm.so+0x8bbe10], sa_mask[0]=11111111011111111101111111111110, sa_flags=SA_RESTART|SA_SIGINFO
SIGXFSZ: [libjvm.so+0x8bbe10], sa_mask[0]=11111111011111111101111111111110, sa_flags=SA_RESTART|SA_SIGINFO
SIGILL: [libjvm.so+0x8bbe10], sa_mask[0]=11111111011111111101111111111110, sa_flags=SA_RESTART|SA_SIGINFO
SIGUSR1: SIG_DFL, sa_mask[0]=00000000000000000000000000000000, sa_flags=none
SIGUSR2: [libjvm.so+0x8bbcc0], sa_mask[0]=00100000000000000000000000000000, sa_flags=SA_RESTART|SA_SIGINFO
SIGHUP: [libjvm.so+0x8bc350], sa_mask[0]=11111111011111111101111111111110, sa_flags=SA_RESTART|SA_SIGINFO
SIGINT: [libjvm.so+0x8bc350], sa_mask[0]=11111111011111111101111111111110, sa_flags=SA_RESTART|SA_SIGINFO
SIGTERM: [libjvm.so+0x8bc350], sa_mask[0]=11111111011111111101111111111110, sa_flags=SA_RESTART|SA_SIGINFO
SIGQUIT: [libjvm.so+0x8bc350], sa_mask[0]=11111111011111111101111111111110, sa_flags=SA_RESTART|SA_SIGINFO


---------------  S Y S T E M  ---------------

OS:DISTRIB_ID=Ubuntu
DISTRIB_RELEASE=16.04
DISTRIB_CODENAME=xenial
DISTRIB_DESCRIPTION="Ubuntu 16.04.5 LTS"

uname:Linux 4.15.0-39-generic #42~16.04.1-Ubuntu SMP Wed Oct 24 17:09:54 UTC 2018 x86_64
libc:glibc 2.23 NPTL 2.23 
rlimit: STACK 8192k, CORE 0k, NPROC 30473, NOFILE 1048576, AS infinity
load average:0,72 0,80 0,83

/proc/meminfo:
MemTotal:        7860760 kB
MemFree:          144084 kB
MemAvailable:    1827784 kB
Buffers:          382888 kB
Cached:          2038812 kB
SwapCached:            0 kB
Active:          5792176 kB
Inactive:        1459152 kB
Active(anon):    4643524 kB
Inactive(anon):   838100 kB
Active(file):    1148652 kB
Inactive(file):   621052 kB
Unevictable:         120 kB
Mlocked:             120 kB
SwapTotal:       7999484 kB
SwapFree:        7999484 kB
Dirty:               516 kB
Writeback:           100 kB
AnonPages:       4829760 kB
Mapped:           970188 kB
Shmem:            651996 kB
Slab:             283680 kB
SReclaimable:     217808 kB
SUnreclaim:        65872 kB
KernelStack:       19856 kB
PageTables:        89960 kB
NFS_Unstable:          0 kB
Bounce:                0 kB
WritebackTmp:          0 kB
CommitLimit:    11929864 kB
Committed_AS:   16170128 kB
VmallocTotal:   34359738367 kB
VmallocUsed:           0 kB
VmallocChunk:          0 kB
HardwareCorrupted:     0 kB
AnonHugePages:         0 kB
ShmemHugePages:        0 kB
ShmemPmdMapped:        0 kB
CmaTotal:              0 kB
CmaFree:               0 kB
HugePages_Total:       0
HugePages_Free:        0
HugePages_Rsvd:        0
HugePages_Surp:        0
Hugepagesize:       2048 kB
DirectMap4k:      258236 kB
DirectMap2M:     7819264 kB

container (cgroup) information:
container_type: cgroupv1
cpu_cpuset_cpus: 0-3
cpu_memory_nodes: 0
active_processor_count: 4
cpu_quota: -1
cpu_period: 100000
cpu_shares: -1
memory_limit_in_bytes: -1
memory_and_swap_limit_in_bytes: -2
memory_soft_limit_in_bytes: -1
memory_usage_in_bytes: 7425691648
memory_max_usage_in_bytes: 0


CPU:total 4 (initial active 4) (2 cores per cpu, 2 threads per core) family 6 model 58 stepping 9, cmov, cx8, fxsr, mmx, sse, sse2, sse3, ssse3, sse4.1, sse4.2, popcnt, avx, aes, clmul, erms, ht, tsc, tscinvbit, tscinv

/proc/cpuinfo:
processor	: 0
vendor_id	: GenuineIntel
cpu family	: 6
model		: 58
model name	: Intel(R) Core(TM) i5-3210M CPU @ 2.50GHz
stepping	: 9
microcode	: 0x20
cpu MHz		: 2893.425
cache size	: 3072 KB
physical id	: 0
siblings	: 4
core id		: 0
cpu cores	: 2
apicid		: 0
initial apicid	: 0
fpu		: yes
fpu_exception	: yes
cpuid level	: 13
wp		: yes
flags		: fpu vme de pse tsc msr pae mce cx8 apic sep mtrr pge mca cmov pat pse36 clflush dts acpi mmx fxsr sse sse2 ss ht tm pbe syscall nx rdtscp lm constant_tsc arch_perfmon pebs bts rep_good nopl xtopology nonstop_tsc cpuid aperfmperf pni pclmulqdq dtes64 monitor ds_cpl vmx est tm2 ssse3 cx16 xtpr pdcm pcid sse4_1 sse4_2 x2apic popcnt tsc_deadline_timer aes xsave avx f16c rdrand lahf_lm cpuid_fault epb pti ssbd ibrs ibpb stibp tpr_shadow vnmi flexpriority ept vpid fsgsbase smep erms xsaveopt dtherm ida arat pln pts flush_l1d
bugs		: cpu_meltdown spectre_v1 spectre_v2 spec_store_bypass l1tf
bogomips	: 4988.67
clflush size	: 64
cache_alignment	: 64
address sizes	: 36 bits physical, 48 bits virtual
power management:

processor	: 1
vendor_id	: GenuineIntel
cpu family	: 6
model		: 58
model name	: Intel(R) Core(TM) i5-3210M CPU @ 2.50GHz
stepping	: 9
microcode	: 0x20
cpu MHz		: 2893.423
cache size	: 3072 KB
physical id	: 0
siblings	: 4
core id		: 0
cpu cores	: 2
apicid		: 1
initial apicid	: 1
fpu		: yes
fpu_exception	: yes
cpuid level	: 13
wp		: yes
flags		: fpu vme de pse tsc msr pae mce cx8 apic sep mtrr pge mca cmov pat pse36 clflush dts acpi mmx fxsr sse sse2 ss ht tm pbe syscall nx rdtscp lm constant_tsc arch_perfmon pebs bts rep_good nopl xtopology nonstop_tsc cpuid aperfmperf pni pclmulqdq dtes64 monitor ds_cpl vmx est tm2 ssse3 cx16 xtpr pdcm pcid sse4_1 sse4_2 x2apic popcnt tsc_deadline_timer aes xsave avx f16c rdrand lahf_lm cpuid_fault epb pti ssbd ibrs ibpb stibp tpr_shadow vnmi flexpriority ept vpid fsgsbase smep erms xsaveopt dtherm ida arat pln pts flush_l1d
bugs		: cpu_meltdown spectre_v1 spectre_v2 spec_store_bypass l1tf
bogomips	: 4988.67
clflush size	: 64
cache_alignment	: 64
address sizes	: 36 bits physical, 48 bits virtual
power management:

processor	: 2
vendor_id	: GenuineIntel
cpu family	: 6
model		: 58
model name	: Intel(R) Core(TM) i5-3210M CPU @ 2.50GHz
stepping	: 9
microcode	: 0x20
cpu MHz		: 2917.409
cache size	: 3072 KB
physical id	: 0
siblings	: 4
core id		: 1
cpu cores	: 2
apicid		: 2
initial apicid	: 2
fpu		: yes
fpu_exception	: yes
cpuid level	: 13
wp		: yes
flags		: fpu vme de pse tsc msr pae mce cx8 apic sep mtrr pge mca cmov pat pse36 clflush dts acpi mmx fxsr sse sse2 ss ht tm pbe syscall nx rdtscp lm constant_tsc arch_perfmon pebs bts rep_good nopl xtopology nonstop_tsc cpuid aperfmperf pni pclmulqdq dtes64 monitor ds_cpl vmx est tm2 ssse3 cx16 xtpr pdcm pcid sse4_1 sse4_2 x2apic popcnt tsc_deadline_timer aes xsave avx f16c rdrand lahf_lm cpuid_fault epb pti ssbd ibrs ibpb stibp tpr_shadow vnmi flexpriority ept vpid fsgsbase smep erms xsaveopt dtherm ida arat pln pts flush_l1d
bugs		: cpu_meltdown spectre_v1 spectre_v2 spec_store_bypass l1tf
bogomips	: 4988.67
clflush size	: 64
cache_alignment	: 64
address sizes	: 36 bits physical, 48 bits virtual
power management:

processor	: 3
vendor_id	: GenuineIntel
cpu family	: 6
model		: 58
model name	: Intel(R) Core(TM) i5-3210M CPU @ 2.50GHz
stepping	: 9
microcode	: 0x20
cpu MHz		: 2917.304
cache size	: 3072 KB
physical id	: 0
siblings	: 4
core id		: 1
cpu cores	: 2
apicid		: 3
initial apicid	: 3
fpu		: yes
fpu_exception	: yes
cpuid level	: 13
wp		: yes
flags		: fpu vme de pse tsc msr pae mce cx8 apic sep mtrr pge mca cmov pat pse36 clflush dts acpi mmx fxsr sse sse2 ss ht tm pbe syscall nx rdtscp lm constant_tsc arch_perfmon pebs bts rep_good nopl xtopology nonstop_tsc cpuid aperfmperf pni pclmulqdq dtes64 monitor ds_cpl vmx est tm2 ssse3 cx16 xtpr pdcm pcid sse4_1 sse4_2 x2apic popcnt tsc_deadline_timer aes xsave avx f16c rdrand lahf_lm cpuid_fault epb pti ssbd ibrs ibpb stibp tpr_shadow vnmi flexpriority ept vpid fsgsbase smep erms xsaveopt dtherm ida arat pln pts flush_l1d
bugs		: cpu_meltdown spectre_v1 spectre_v2 spec_store_bypass l1tf
bogomips	: 4988.67
clflush size	: 64
cache_alignment	: 64
address sizes	: 36 bits physical, 48 bits virtual
power management:



Memory: 4k page, physical 7860760k(144084k free), swap 7999484k(7999484k free)

vm_info: OpenJDK 64-Bit Server VM (25.191-b12) for linux-amd64 JRE (1.8.0_191-8u191-b12-0ubuntu0.16.04.1-b12), built on Nov 20 2018 15:24:40 by "buildd" with gcc 5.4.0 20160609

time: Mon Dec  3 17:16:26 2018
elapsed time: 141 seconds (0d 0h 2m 21s)

